
> retrowebos@1.0.0 dev
> vite

Re-optimizing dependencies because lockfile has changed
Port 5173 is in use, trying another one...
Port 5174 is in use, trying another one...
Port 5175 is in use, trying another one...
Port 5176 is in use, trying another one...
Port 5177 is in use, trying another one...
Port 5178 is in use, trying another one...
[33m(!) Could not auto-determine entry point from rollupOptions or html files and there are no explicit optimizeDeps.include patterns. Skipping dependency pre-bundling.[39m
Port 5179 is in use, trying another one...
Port 5180 is in use, trying another one...
Port 5181 is in use, trying another one...
Port 5182 is in use, trying another one...
Port 5183 is in use, trying another one...
Port 5184 is in use, trying another one...
Port 5185 is in use, trying another one...
Port 5186 is in use, trying another one...
Port 5187 is in use, trying another one...
Port 5188 is in use, trying another one...
Port 5189 is in use, trying another one...
Port 5190 is in use, trying another one...
Port 5191 is in use, trying another one...

  [32m[1mVITE[22m v5.4.21[39m  [2mready in [0m[1m193[2m0:34:50[22m [36m[1m[vite][22m[39m [32mpage reload [39m[2mindex.html[22m
5192[22m/[39m
[2m  [32m➜[39m  [1mNetwork[22m[2m: use [22m[1m--host[22m[2m to expose[22m
[2m0:34:50[22m [36m[1m[vite][22m[39m [32mpage reload [39m[2mindex.html[22m
